-------------------------------------------------------------------------------
Test set: com.infy.handlersTest.VehicleHandlerTest
-------------------------------------------------------------------------------
Tests run: 1, Failures: 0, Errors: 1, Skipped: 0, Time elapsed: 0.282 s <<< FAILURE! - in com.infy.handlersTest.VehicleHandlerTest
com.infy.handlersTest.VehicleHandlerTest  Time elapsed: 0.28 s  <<< ERROR!
java.lang.IllegalStateException: Configuration error: found multiple declarations of @BootstrapWith for test class [com.infy.handlersTest.VehicleHandlerTest]: [@org.springframework.test.context.BootstrapWith(value=org.springframework.boot.test.autoconfigure.web.servlet.WebMvcTestContextBootstrapper), @org.springframework.test.context.BootstrapWith(value=org.springframework.boot.test.context.SpringBootTestContextBootstrapper)]

